<?xml version="1.0" encoding="UTF-8"?>
<!-- Generated by org.testng.reporters.JUnitReportReporter -->
<testsuite hostname="DESKTOP-2HGK5KQ" failures="0" tests="2" name="rahulshettyacademy.seleniumFrameworkDesign.ErrorValidations" time="14.124" errors="0" timestamp="2025-03-04T12:02:31 IST" skipped="0">
  <testcase classname="rahulshettyacademy.seleniumFrameworkDesign.ErrorValidations" name="submitOrder" time="3.535"/>
  <testcase classname="rahulshettyacademy.seleniumFrameworkDesign.ErrorValidations" name="producterrorValidation" time="10.589"/>
</testsuite> <!-- rahulshettyacademy.seleniumFrameworkDesign.ErrorValidations -->
