<?xml version="1.0" encoding="UTF-8"?>
<!-- Generated by org.testng.reporters.JUnitReportReporter -->
<testsuite hostname="DESKTOP-2HGK5KQ" failures="0" tests="3" name="rahulshettyacademy.seleniumFrameworkDesign.Submitorder" time="45.528" errors="0" timestamp="2025-03-04T12:02:31 IST" skipped="0">
  <testcase classname="rahulshettyacademy.seleniumFrameworkDesign.Submitorder" name="orderHistoryTest" time="4.119"/>
  <testcase classname="rahulshettyacademy.seleniumFrameworkDesign.Submitorder" name="submitOrder" time="21.346"/>
  <testcase classname="rahulshettyacademy.seleniumFrameworkDesign.Submitorder" name="submitOrder" time="20.063"/>
</testsuite> <!-- rahulshettyacademy.seleniumFrameworkDesign.Submitorder -->
