<?xml version="1.0" encoding="UTF-8"?>
<!-- Generated by org.testng.reporters.JUnitReportReporter -->
<testsuite hostname="DESKTOP-2HGK5KQ" failures="0" tests="2" name="rahulshettyacademy.tests.ErrorValidations" time="23.122" errors="0" timestamp="2025-03-06T23:36:00 IST" skipped="0">
  <testcase classname="rahulshettyacademy.tests.ErrorValidations" name="producterrorValidation" time="17.628"/>
  <testcase classname="rahulshettyacademy.tests.ErrorValidations" name="LoginErrorValidation" time="5.494"/>
</testsuite> <!-- rahulshettyacademy.tests.ErrorValidations -->
