<?xml version="1.0" encoding="UTF-8"?>
<!-- Generated by org.testng.reporters.JUnitReportReporter -->
<testsuite hostname="DESKTOP-2HGK5KQ" failures="0" tests="3" name="rahulshettyacademy.tests.Submitorder" time="66.165" errors="0" timestamp="2025-03-06T23:36:00 IST" skipped="0">
  <testcase classname="rahulshettyacademy.tests.Submitorder" name="submitOrder" time="23.855"/>
  <testcase classname="rahulshettyacademy.tests.Submitorder" name="submitOrder" time="35.373"/>
  <testcase classname="rahulshettyacademy.tests.Submitorder" name="orderHistoryTest" time="6.937"/>
</testsuite> <!-- rahulshettyacademy.tests.Submitorder -->
