<?xml version="1.0" encoding="UTF-8"?>
<!-- Generated by org.testng.reporters.JUnitReportReporter -->
<testsuite hostname="DESKTOP-2HGK5KQ" failures="0" tests="2" name="rahulshettyacademy.tests.ErrorValidations" time="18.748" errors="0" timestamp="2025-03-05T11:50:57 IST" skipped="0">
  <testcase classname="rahulshettyacademy.tests.ErrorValidations" name="producterrorValidation" time="13.744"/>
  <testcase classname="rahulshettyacademy.tests.ErrorValidations" name="LoginErrorValidation" time="5.004"/>
</testsuite> <!-- rahulshettyacademy.tests.ErrorValidations -->
