<?xml version="1.0" encoding="UTF-8"?>
<!-- Generated by org.testng.reporters.JUnitReportReporter -->
<testsuite hostname="DESKTOP-2HGK5KQ" failures="0" tests="2" name="rahulshettyacademy.tests.Submitorder" time="42.986" errors="0" timestamp="2025-03-05T11:46:34 IST" skipped="0">
  <testcase classname="rahulshettyacademy.tests.Submitorder" name="submitOrder" time="22.055"/>
  <testcase classname="rahulshettyacademy.tests.Submitorder" name="submitOrder" time="20.931"/>
</testsuite> <!-- rahulshettyacademy.tests.Submitorder -->
